-- The C compiler identification is GNU 11.4.0
-- The CXX compiler identification is GNU 11.4.0
-- Detecting C compiler ABI info
-- Detecting C compiler ABI info - done
-- Check for working C compiler: /usr/bin/cc - skipped
-- Detecting C compile features
-- Detecting C compile features - done
-- Detecting CXX compiler ABI info
-- Detecting CXX compiler ABI info - done
-- Check for working CXX compiler: /usr/bin/c++ - skipped
-- Detecting CXX compile features
-- Detecting CXX compile features - done
-- Found ament_cmake: 1.3.11 (/opt/ros/humble/share/ament_cmake/cmake)
-- Found Python3: /usr/bin/python3 (found version "3.10.12") found components: Interpreter 
-- Found rclcpp: 16.0.11 (/opt/ros/humble/share/rclcpp/cmake)
-- Found rosidl_generator_c: 3.1.6 (/opt/ros/humble/share/rosidl_generator_c/cmake)
-- Found rosidl_adapter: 3.1.6 (/opt/ros/humble/share/rosidl_adapter/cmake)
-- Found rosidl_generator_cpp: 3.1.6 (/opt/ros/humble/share/rosidl_generator_cpp/cmake)
-- Using all available rosidl_typesupport_c: rosidl_typesupport_fastrtps_c;rosidl_typesupport_introspection_c
-- Using all available rosidl_typesupport_cpp: rosidl_typesupport_fastrtps_cpp;rosidl_typesupport_introspection_cpp
-- Found rmw_implementation_cmake: 6.1.2 (/opt/ros/humble/share/rmw_implementation_cmake/cmake)
-- Found rmw_fastrtps_cpp: 6.2.7 (/opt/ros/humble/share/rmw_fastrtps_cpp/cmake)
-- Found OpenSSL: /usr/lib/x86_64-linux-gnu/libcrypto.so (found version "3.0.2")  
-- Found FastRTPS: /opt/ros/humble/include  
-- Using RMW implementation 'rmw_fastrtps_cpp' as default
-- Looking for pthread.h
-- Looking for pthread.h - found
-- Performing Test CMAKE_HAVE_LIBC_PTHREAD
-- Performing Test CMAKE_HAVE_LIBC_PTHREAD - Success
-- Found Threads: TRUE  
-- Configuring done
-- Generating done
-- Build files have been written to: /home/ananya/ros2_ws/build/chat_interface
[ 50%] [32mBuilding CXX object CMakeFiles/timothy_publisher.dir/src/timothy_publisher.cpp.o[0m
[ 50%] [32mBuilding CXX object CMakeFiles/bob_subscriber.dir/src/bob_subscriber.cpp.o[0m
[ 75%] [32m[1mLinking CXX executable timothy_publisher[0m
[ 75%] Built target timothy_publisher
[100%] [32m[1mLinking CXX executable bob_subscriber[0m
[100%] Built target bob_subscriber
-- Install configuration: ""
-- Installing: /home/ananya/ros2_ws/install/chat_interface/lib/chat_interface/timothy_publisher
-- Set runtime path of "/home/ananya/ros2_ws/install/chat_interface/lib/chat_interface/timothy_publisher" to ""
-- Installing: /home/ananya/ros2_ws/install/chat_interface/lib/chat_interface/bob_subscriber
-- Set runtime path of "/home/ananya/ros2_ws/install/chat_interface/lib/chat_interface/bob_subscriber" to ""
-- Installing: /home/ananya/ros2_ws/install/chat_interface/share/ament_index/resource_index/package_run_dependencies/chat_interface
-- Installing: /home/ananya/ros2_ws/install/chat_interface/share/ament_index/resource_index/parent_prefix_path/chat_interface
-- Installing: /home/ananya/ros2_ws/install/chat_interface/share/chat_interface/environment/ament_prefix_path.sh
-- Installing: /home/ananya/ros2_ws/install/chat_interface/share/chat_interface/environment/ament_prefix_path.dsv
-- Installing: /home/ananya/ros2_ws/install/chat_interface/share/chat_interface/environment/path.sh
-- Installing: /home/ananya/ros2_ws/install/chat_interface/share/chat_interface/environment/path.dsv
-- Installing: /home/ananya/ros2_ws/install/chat_interface/share/chat_interface/local_setup.bash
-- Installing: /home/ananya/ros2_ws/install/chat_interface/share/chat_interface/local_setup.sh
-- Installing: /home/ananya/ros2_ws/install/chat_interface/share/chat_interface/local_setup.zsh
-- Installing: /home/ananya/ros2_ws/install/chat_interface/share/chat_interface/local_setup.dsv
-- Installing: /home/ananya/ros2_ws/install/chat_interface/share/chat_interface/package.dsv
-- Installing: /home/ananya/ros2_ws/install/chat_interface/share/ament_index/resource_index/packages/chat_interface
-- Installing: /home/ananya/ros2_ws/install/chat_interface/share/chat_interface/cmake/chat_interfaceConfig.cmake
-- Installing: /home/ananya/ros2_ws/install/chat_interface/share/chat_interface/cmake/chat_interfaceConfig-version.cmake
-- Installing: /home/ananya/ros2_ws/install/chat_interface/share/chat_interface/package.xml
