[0.008s] Invoking command in '/home/ananya/ros2_ws/build/chat_interface': CMAKE_PREFIX_PATH=/opt/ros/humble /usr/bin/cmake /home/ananya/ros2_ws/src/chat_interface -DCMAKE_INSTALL_PREFIX=/home/ananya/ros2_ws/install/chat_interface
[0.073s] -- The C compiler identification is GNU 11.4.0
[0.118s] -- The CXX compiler identification is GNU 11.4.0
[0.126s] -- Detecting C compiler ABI info
[0.192s] -- Detecting C compiler ABI info - done
[0.203s] -- Check for working C compiler: /usr/bin/cc - skipped
[0.203s] -- Detecting C compile features
[0.204s] -- Detecting C compile features - done
[0.208s] -- Detecting CXX compiler ABI info
[0.286s] -- Detecting CXX compiler ABI info - done
[0.298s] -- Check for working CXX compiler: /usr/bin/c++ - skipped
[0.298s] -- Detecting CXX compile features
[0.299s] -- Detecting CXX compile features - done
[0.304s] -- Found ament_cmake: 1.3.11 (/opt/ros/humble/share/ament_cmake/cmake)
[0.438s] -- Found Python3: /usr/bin/python3 (found version "3.10.12") found components: Interpreter 
[0.535s] -- Found rclcpp: 16.0.11 (/opt/ros/humble/share/rclcpp/cmake)
[0.570s] -- Found rosidl_generator_c: 3.1.6 (/opt/ros/humble/share/rosidl_generator_c/cmake)
[0.572s] -- Found rosidl_adapter: 3.1.6 (/opt/ros/humble/share/rosidl_adapter/cmake)
[0.576s] -- Found rosidl_generator_cpp: 3.1.6 (/opt/ros/humble/share/rosidl_generator_cpp/cmake)
[0.583s] -- Using all available rosidl_typesupport_c: rosidl_typesupport_fastrtps_c;rosidl_typesupport_introspection_c
[0.591s] -- Using all available rosidl_typesupport_cpp: rosidl_typesupport_fastrtps_cpp;rosidl_typesupport_introspection_cpp
[0.613s] -- Found rmw_implementation_cmake: 6.1.2 (/opt/ros/humble/share/rmw_implementation_cmake/cmake)
[0.614s] -- Found rmw_fastrtps_cpp: 6.2.7 (/opt/ros/humble/share/rmw_fastrtps_cpp/cmake)
[0.687s] -- Found OpenSSL: /usr/lib/x86_64-linux-gnu/libcrypto.so (found version "3.0.2")  
[0.709s] -- Found FastRTPS: /opt/ros/humble/include  
[0.741s] -- Using RMW implementation 'rmw_fastrtps_cpp' as default
[0.745s] -- Looking for pthread.h
[0.819s] -- Looking for pthread.h - found
[0.820s] -- Performing Test CMAKE_HAVE_LIBC_PTHREAD
[0.890s] -- Performing Test CMAKE_HAVE_LIBC_PTHREAD - Success
[0.892s] -- Found Threads: TRUE  
[0.989s] -- Configuring done
[0.997s] -- Generating done
[1.000s] -- Build files have been written to: /home/ananya/ros2_ws/build/chat_interface
[1.011s] Invoked command in '/home/ananya/ros2_ws/build/chat_interface' returned '0': CMAKE_PREFIX_PATH=/opt/ros/humble /usr/bin/cmake /home/ananya/ros2_ws/src/chat_interface -DCMAKE_INSTALL_PREFIX=/home/ananya/ros2_ws/install/chat_interface
[1.014s] Invoking command in '/home/ananya/ros2_ws/build/chat_interface': CMAKE_PREFIX_PATH=/opt/ros/humble /usr/bin/cmake --build /home/ananya/ros2_ws/build/chat_interface -- -j16 -l16
[1.069s] [ 50%] [32mBuilding CXX object CMakeFiles/timothy_publisher.dir/src/timothy_publisher.cpp.o[0m
[1.069s] [ 50%] [32mBuilding CXX object CMakeFiles/bob_subscriber.dir/src/bob_subscriber.cpp.o[0m
[4.031s] [ 75%] [32m[1mLinking CXX executable timothy_publisher[0m
[4.146s] [ 75%] Built target timothy_publisher
[6.296s] [100%] [32m[1mLinking CXX executable bob_subscriber[0m
[6.504s] [100%] Built target bob_subscriber
[6.513s] Invoked command in '/home/ananya/ros2_ws/build/chat_interface' returned '0': CMAKE_PREFIX_PATH=/opt/ros/humble /usr/bin/cmake --build /home/ananya/ros2_ws/build/chat_interface -- -j16 -l16
[6.521s] Invoking command in '/home/ananya/ros2_ws/build/chat_interface': CMAKE_PREFIX_PATH=/opt/ros/humble /usr/bin/cmake --install /home/ananya/ros2_ws/build/chat_interface
[6.525s] -- Install configuration: ""
[6.526s] -- Installing: /home/ananya/ros2_ws/install/chat_interface/lib/chat_interface/timothy_publisher
[6.526s] -- Set runtime path of "/home/ananya/ros2_ws/install/chat_interface/lib/chat_interface/timothy_publisher" to ""
[6.527s] -- Installing: /home/ananya/ros2_ws/install/chat_interface/lib/chat_interface/bob_subscriber
[6.529s] -- Set runtime path of "/home/ananya/ros2_ws/install/chat_interface/lib/chat_interface/bob_subscriber" to ""
[6.529s] -- Installing: /home/ananya/ros2_ws/install/chat_interface/share/ament_index/resource_index/package_run_dependencies/chat_interface
[6.529s] -- Installing: /home/ananya/ros2_ws/install/chat_interface/share/ament_index/resource_index/parent_prefix_path/chat_interface
[6.529s] -- Installing: /home/ananya/ros2_ws/install/chat_interface/share/chat_interface/environment/ament_prefix_path.sh
[6.529s] -- Installing: /home/ananya/ros2_ws/install/chat_interface/share/chat_interface/environment/ament_prefix_path.dsv
[6.530s] -- Installing: /home/ananya/ros2_ws/install/chat_interface/share/chat_interface/environment/path.sh
[6.530s] -- Installing: /home/ananya/ros2_ws/install/chat_interface/share/chat_interface/environment/path.dsv
[6.530s] -- Installing: /home/ananya/ros2_ws/install/chat_interface/share/chat_interface/local_setup.bash
[6.530s] -- Installing: /home/ananya/ros2_ws/install/chat_interface/share/chat_interface/local_setup.sh
[6.530s] -- Installing: /home/ananya/ros2_ws/install/chat_interface/share/chat_interface/local_setup.zsh
[6.530s] -- Installing: /home/ananya/ros2_ws/install/chat_interface/share/chat_interface/local_setup.dsv
[6.530s] -- Installing: /home/ananya/ros2_ws/install/chat_interface/share/chat_interface/package.dsv
[6.530s] -- Installing: /home/ananya/ros2_ws/install/chat_interface/share/ament_index/resource_index/packages/chat_interface
[6.530s] -- Installing: /home/ananya/ros2_ws/install/chat_interface/share/chat_interface/cmake/chat_interfaceConfig.cmake
[6.530s] -- Installing: /home/ananya/ros2_ws/install/chat_interface/share/chat_interface/cmake/chat_interfaceConfig-version.cmake
[6.530s] -- Installing: /home/ananya/ros2_ws/install/chat_interface/share/chat_interface/package.xml
[6.532s] Invoked command in '/home/ananya/ros2_ws/build/chat_interface' returned '0': CMAKE_PREFIX_PATH=/opt/ros/humble /usr/bin/cmake --install /home/ananya/ros2_ws/build/chat_interface
