[35m[1mConsolidate compiler generated dependencies of target bob_subscriber[0m
[35m[1mConsolidate compiler generated dependencies of target timothy_publisher[0m
[100%] Built target bob_subscriber
[100%] Built target timothy_publisher
-- Install configuration: ""
-- Up-to-date: /home/ananya/ros2_ws/install/chat_interface/lib/chat_interface/timothy_publisher
-- Up-to-date: /home/ananya/ros2_ws/install/chat_interface/lib/chat_interface/bob_subscriber
-- Up-to-date: /home/ananya/ros2_ws/install/chat_interface/share/ament_index/resource_index/package_run_dependencies/chat_interface
-- Up-to-date: /home/ananya/ros2_ws/install/chat_interface/share/ament_index/resource_index/parent_prefix_path/chat_interface
-- Up-to-date: /home/ananya/ros2_ws/install/chat_interface/share/chat_interface/environment/ament_prefix_path.sh
-- Up-to-date: /home/ananya/ros2_ws/install/chat_interface/share/chat_interface/environment/ament_prefix_path.dsv
-- Up-to-date: /home/ananya/ros2_ws/install/chat_interface/share/chat_interface/environment/path.sh
-- Up-to-date: /home/ananya/ros2_ws/install/chat_interface/share/chat_interface/environment/path.dsv
-- Up-to-date: /home/ananya/ros2_ws/install/chat_interface/share/chat_interface/local_setup.bash
-- Up-to-date: /home/ananya/ros2_ws/install/chat_interface/share/chat_interface/local_setup.sh
-- Up-to-date: /home/ananya/ros2_ws/install/chat_interface/share/chat_interface/local_setup.zsh
-- Up-to-date: /home/ananya/ros2_ws/install/chat_interface/share/chat_interface/local_setup.dsv
-- Installing: /home/ananya/ros2_ws/install/chat_interface/share/chat_interface/package.dsv
-- Up-to-date: /home/ananya/ros2_ws/install/chat_interface/share/ament_index/resource_index/packages/chat_interface
-- Up-to-date: /home/ananya/ros2_ws/install/chat_interface/share/chat_interface/cmake/chat_interfaceConfig.cmake
-- Up-to-date: /home/ananya/ros2_ws/install/chat_interface/share/chat_interface/cmake/chat_interfaceConfig-version.cmake
-- Up-to-date: /home/ananya/ros2_ws/install/chat_interface/share/chat_interface/package.xml
