[0.009s] Invoking command in '/home/ananya/ros2_ws/build/chat_interface': CMAKE_PREFIX_PATH=/opt/ros/humble /usr/bin/cmake --build /home/ananya/ros2_ws/build/chat_interface -- -j16 -l16
[0.052s] [35m[1mConsolidate compiler generated dependencies of target bob_subscriber[0m
[0.052s] [35m[1mConsolidate compiler generated dependencies of target timothy_publisher[0m
[0.067s] [100%] Built target bob_subscriber
[0.067s] [100%] Built target timothy_publisher
[0.077s] Invoked command in '/home/ananya/ros2_ws/build/chat_interface' returned '0': CMAKE_PREFIX_PATH=/opt/ros/humble /usr/bin/cmake --build /home/ananya/ros2_ws/build/chat_interface -- -j16 -l16
[0.086s] Invoking command in '/home/ananya/ros2_ws/build/chat_interface': CMAKE_PREFIX_PATH=/opt/ros/humble /usr/bin/cmake --install /home/ananya/ros2_ws/build/chat_interface
[0.091s] -- Install configuration: ""
[0.091s] -- Up-to-date: /home/ananya/ros2_ws/install/chat_interface/lib/chat_interface/timothy_publisher
[0.092s] -- Up-to-date: /home/ananya/ros2_ws/install/chat_interface/lib/chat_interface/bob_subscriber
[0.092s] -- Up-to-date: /home/ananya/ros2_ws/install/chat_interface/share/ament_index/resource_index/package_run_dependencies/chat_interface
[0.092s] -- Up-to-date: /home/ananya/ros2_ws/install/chat_interface/share/ament_index/resource_index/parent_prefix_path/chat_interface
[0.092s] -- Up-to-date: /home/ananya/ros2_ws/install/chat_interface/share/chat_interface/environment/ament_prefix_path.sh
[0.092s] -- Up-to-date: /home/ananya/ros2_ws/install/chat_interface/share/chat_interface/environment/ament_prefix_path.dsv
[0.092s] -- Up-to-date: /home/ananya/ros2_ws/install/chat_interface/share/chat_interface/environment/path.sh
[0.092s] -- Up-to-date: /home/ananya/ros2_ws/install/chat_interface/share/chat_interface/environment/path.dsv
[0.092s] -- Up-to-date: /home/ananya/ros2_ws/install/chat_interface/share/chat_interface/local_setup.bash
[0.092s] -- Up-to-date: /home/ananya/ros2_ws/install/chat_interface/share/chat_interface/local_setup.sh
[0.092s] -- Up-to-date: /home/ananya/ros2_ws/install/chat_interface/share/chat_interface/local_setup.zsh
[0.093s] -- Up-to-date: /home/ananya/ros2_ws/install/chat_interface/share/chat_interface/local_setup.dsv
[0.093s] -- Installing: /home/ananya/ros2_ws/install/chat_interface/share/chat_interface/package.dsv
[0.093s] -- Up-to-date: /home/ananya/ros2_ws/install/chat_interface/share/ament_index/resource_index/packages/chat_interface
[0.093s] -- Up-to-date: /home/ananya/ros2_ws/install/chat_interface/share/chat_interface/cmake/chat_interfaceConfig.cmake
[0.093s] -- Up-to-date: /home/ananya/ros2_ws/install/chat_interface/share/chat_interface/cmake/chat_interfaceConfig-version.cmake
[0.093s] -- Up-to-date: /home/ananya/ros2_ws/install/chat_interface/share/chat_interface/package.xml
[0.094s] Invoked command in '/home/ananya/ros2_ws/build/chat_interface' returned '0': CMAKE_PREFIX_PATH=/opt/ros/humble /usr/bin/cmake --install /home/ananya/ros2_ws/build/chat_interface
